2023-11-08 06:44:27,007 - Base class setUp method executed
2023-11-08 06:44:37,925 - Url open
2023-11-08 06:44:38,257 - Username set
2023-11-08 06:44:38,585 - Password set
2023-11-08 06:44:39,433 - Test Case Failecd.....
2023-11-08 06:44:57,070 - Base Class tearUp method executed
2023-11-08 06:46:21,850 - Base class setUp method executed
2023-11-08 06:46:30,737 - Url open
2023-11-08 06:46:31,512 - Username set
2023-11-08 06:46:31,775 - Password set
2023-11-08 06:46:32,485 - Test Case Failecd.....
2023-11-08 06:46:39,996 - Base Class tearUp method executed
2023-11-08 07:02:30,038 - Base class setUp method executed
2023-11-08 07:02:30,796 - Base Class tearUp method executed
2023-11-08 07:03:26,330 - Base class setUp method executed
2023-11-08 07:03:28,939 - Base Class tearUp method executed
2023-11-08 07:04:54,043 - Base class setUp method executed
2023-11-08 07:04:56,630 - Base Class tearUp method executed
2023-11-08 07:08:48,640 - Base class setUp method executed
2023-11-08 07:08:57,811 - Url open
2023-11-08 07:08:58,322 - Username set
2023-11-08 07:08:58,619 - Password set
2023-11-08 07:09:00,788 - Next Linnee
2023-11-08 07:09:00,988 - TEst Case Passed.......
2023-11-08 07:09:09,618 - Url open
2023-11-08 07:09:09,900 - Username set
2023-11-08 07:09:10,231 - Password set
2023-11-08 07:09:12,399 - Test Case Failecd.....
2023-11-08 07:09:30,806 - Base Class tearUp method executed
2023-11-08 07:28:59,717 - Base class setUp method executed
2023-11-08 07:29:11,460 - Url open
2023-11-08 07:29:12,021 - Username set
2023-11-08 07:29:12,370 - Password set
2023-11-08 07:29:16,835 - Next Linnee
2023-11-08 07:29:16,967 - TEst Case Passed.......
2023-11-08 07:29:33,767 - Base Class tearUp method executed
2023-11-08 07:36:29,854 - Base class setUp method executed
2023-11-08 07:36:41,699 - Url open
2023-11-08 07:36:42,298 - Username set
2023-11-08 07:36:42,894 - Password set
2023-11-08 07:36:48,156 - Next Linnee
2023-11-08 07:36:49,632 - TEst Case Passed.......
2023-11-08 07:36:56,045 - Base Class tearUp method executed
2023-11-08 07:39:59,778 - Base class setUp method executed
2023-11-08 07:40:14,777 - Url open
2023-11-08 07:40:15,385 - Username set
2023-11-08 07:40:15,798 - Password set
2023-11-08 07:40:21,240 - Next Linnee
2023-11-08 07:40:21,401 - TEst Case Passed.......
2023-11-08 07:40:27,973 - Base Class tearUp method executed
2023-11-08 07:44:20,312 - Base class setUp method executed
2023-11-08 07:44:31,878 - Url open
2023-11-08 07:44:32,407 - Username set
2023-11-08 07:44:32,730 - Password set
2023-11-08 07:44:35,899 - Next Linnee
2023-11-08 07:44:37,361 - TEst Case Passed.......
2023-11-08 07:44:43,201 - Base Class tearUp method executed
